c:\users\артем\source\repos\project2\project2\x64\debug\vc143.pdb
c:\users\артем\source\repos\project2\project2\x64\debug\.netframework,version=v4.8.assemblyattributes.obj
c:\users\артем\source\repos\project2\project2\x64\debug\mainform.obj
c:\users\артем\source\repos\project2\x64\debug\project2.exe
c:\users\артем\source\repos\project2\project2\x64\debug\project2.vcxproj.assemblyreference.cache
c:\users\артем\source\repos\project2\project2\x64\debug\project2.vcxproj.generateresource.cache
c:\users\артем\source\repos\project2\project2\x64\debug\project2.mainform.resources
c:\users\артем\source\repos\project2\project2\x64\debug\project2.pdb
c:\users\артем\source\repos\project2\x64\debug\project2.pdb
c:\users\артем\source\repos\project2\project2\x64\debug\project2.tlog\cl.command.1.tlog
c:\users\артем\source\repos\project2\project2\x64\debug\project2.tlog\cl.read.1.tlog
c:\users\артем\source\repos\project2\project2\x64\debug\project2.tlog\cl.write.1.tlog
c:\users\артем\source\repos\project2\project2\x64\debug\project2.tlog\link.176-cvtres.read.1.tlog
c:\users\артем\source\repos\project2\project2\x64\debug\project2.tlog\link.176-cvtres.write.1.tlog
c:\users\артем\source\repos\project2\project2\x64\debug\project2.tlog\link.176-rc.read.1.tlog
c:\users\артем\source\repos\project2\project2\x64\debug\project2.tlog\link.176-rc.write.1.tlog
c:\users\артем\source\repos\project2\project2\x64\debug\project2.tlog\link.176.read.1.tlog
c:\users\артем\source\repos\project2\project2\x64\debug\project2.tlog\link.176.read.2.tlog
c:\users\артем\source\repos\project2\project2\x64\debug\project2.tlog\link.176.read.3.tlog
c:\users\артем\source\repos\project2\project2\x64\debug\project2.tlog\link.176.read.4.tlog
c:\users\артем\source\repos\project2\project2\x64\debug\project2.tlog\link.176.write.1.tlog
c:\users\артем\source\repos\project2\project2\x64\debug\project2.tlog\link.18856-cvtres.read.1.tlog
c:\users\артем\source\repos\project2\project2\x64\debug\project2.tlog\link.18856-cvtres.write.1.tlog
c:\users\артем\source\repos\project2\project2\x64\debug\project2.tlog\link.18856-rc.read.1.tlog
c:\users\артем\source\repos\project2\project2\x64\debug\project2.tlog\link.18856-rc.write.1.tlog
c:\users\артем\source\repos\project2\project2\x64\debug\project2.tlog\link.18856.read.1.tlog
c:\users\артем\source\repos\project2\project2\x64\debug\project2.tlog\link.18856.read.2.tlog
c:\users\артем\source\repos\project2\project2\x64\debug\project2.tlog\link.18856.read.3.tlog
c:\users\артем\source\repos\project2\project2\x64\debug\project2.tlog\link.18856.read.4.tlog
c:\users\артем\source\repos\project2\project2\x64\debug\project2.tlog\link.18856.write.1.tlog
c:\users\артем\source\repos\project2\project2\x64\debug\project2.tlog\link.20160-cvtres.read.1.tlog
c:\users\артем\source\repos\project2\project2\x64\debug\project2.tlog\link.20160-cvtres.write.1.tlog
c:\users\артем\source\repos\project2\project2\x64\debug\project2.tlog\link.20160-rc.read.1.tlog
c:\users\артем\source\repos\project2\project2\x64\debug\project2.tlog\link.20160-rc.write.1.tlog
c:\users\артем\source\repos\project2\project2\x64\debug\project2.tlog\link.20160.read.1.tlog
c:\users\артем\source\repos\project2\project2\x64\debug\project2.tlog\link.20160.read.2.tlog
c:\users\артем\source\repos\project2\project2\x64\debug\project2.tlog\link.20160.read.3.tlog
c:\users\артем\source\repos\project2\project2\x64\debug\project2.tlog\link.20160.read.4.tlog
c:\users\артем\source\repos\project2\project2\x64\debug\project2.tlog\link.20160.write.1.tlog
c:\users\артем\source\repos\project2\project2\x64\debug\project2.tlog\link.2124-cvtres.read.1.tlog
c:\users\артем\source\repos\project2\project2\x64\debug\project2.tlog\link.2124-cvtres.write.1.tlog
c:\users\артем\source\repos\project2\project2\x64\debug\project2.tlog\link.2124-rc.read.1.tlog
c:\users\артем\source\repos\project2\project2\x64\debug\project2.tlog\link.2124-rc.write.1.tlog
c:\users\артем\source\repos\project2\project2\x64\debug\project2.tlog\link.2124.read.1.tlog
c:\users\артем\source\repos\project2\project2\x64\debug\project2.tlog\link.2124.read.2.tlog
c:\users\артем\source\repos\project2\project2\x64\debug\project2.tlog\link.2124.read.3.tlog
c:\users\артем\source\repos\project2\project2\x64\debug\project2.tlog\link.2124.read.4.tlog
c:\users\артем\source\repos\project2\project2\x64\debug\project2.tlog\link.2124.write.1.tlog
c:\users\артем\source\repos\project2\project2\x64\debug\project2.tlog\link.23544-cvtres.read.1.tlog
c:\users\артем\source\repos\project2\project2\x64\debug\project2.tlog\link.23544-cvtres.write.1.tlog
c:\users\артем\source\repos\project2\project2\x64\debug\project2.tlog\link.23544-rc.read.1.tlog
c:\users\артем\source\repos\project2\project2\x64\debug\project2.tlog\link.23544-rc.write.1.tlog
c:\users\артем\source\repos\project2\project2\x64\debug\project2.tlog\link.23544.read.1.tlog
c:\users\артем\source\repos\project2\project2\x64\debug\project2.tlog\link.23544.read.2.tlog
c:\users\артем\source\repos\project2\project2\x64\debug\project2.tlog\link.23544.read.3.tlog
c:\users\артем\source\repos\project2\project2\x64\debug\project2.tlog\link.23544.read.4.tlog
c:\users\артем\source\repos\project2\project2\x64\debug\project2.tlog\link.23544.write.1.tlog
c:\users\артем\source\repos\project2\project2\x64\debug\project2.tlog\link.7620-cvtres.read.1.tlog
c:\users\артем\source\repos\project2\project2\x64\debug\project2.tlog\link.7620-cvtres.write.1.tlog
c:\users\артем\source\repos\project2\project2\x64\debug\project2.tlog\link.7620-rc.read.1.tlog
c:\users\артем\source\repos\project2\project2\x64\debug\project2.tlog\link.7620-rc.write.1.tlog
c:\users\артем\source\repos\project2\project2\x64\debug\project2.tlog\link.7620.read.1.tlog
c:\users\артем\source\repos\project2\project2\x64\debug\project2.tlog\link.7620.read.2.tlog
c:\users\артем\source\repos\project2\project2\x64\debug\project2.tlog\link.7620.read.3.tlog
c:\users\артем\source\repos\project2\project2\x64\debug\project2.tlog\link.7620.read.4.tlog
c:\users\артем\source\repos\project2\project2\x64\debug\project2.tlog\link.7620.write.1.tlog
c:\users\артем\source\repos\project2\project2\x64\debug\project2.tlog\link.command.1.tlog
c:\users\артем\source\repos\project2\project2\x64\debug\project2.tlog\link.read.1.tlog
c:\users\артем\source\repos\project2\project2\x64\debug\project2.tlog\link.read.2.tlog
c:\users\артем\source\repos\project2\project2\x64\debug\project2.tlog\link.read.3.tlog
c:\users\артем\source\repos\project2\project2\x64\debug\project2.tlog\link.read.4.tlog
c:\users\артем\source\repos\project2\project2\x64\debug\project2.tlog\link.write.1.tlog
c:\users\артем\source\repos\project2\project2\x64\debug\project2.tlog\metagen.read.1.tlog
c:\users\артем\source\repos\project2\project2\x64\debug\project2.tlog\metagen.write.1.tlog
c:\users\артем\source\repos\project2\project2\x64\debug\project2.tlog\resgen.command.1.tlog
c:\users\артем\source\repos\project2\project2\x64\debug\project2.tlog\resgen.read.1.tlog
c:\users\артем\source\repos\project2\project2\x64\debug\project2.tlog\resgen.write.1.tlog
